2017-03-11T15:02:22.950Z - normal: Load ~/.CocosCreator/settings.json
2017-03-11T15:02:22.950Z - normal: checking language setting...
2017-03-11T15:02:22.950Z - normal: Language: zh
2017-03-11T15:02:24.330Z - success: protocol editor-framework registered
2017-03-11T15:02:24.330Z - success: protocol app registered
2017-03-11T15:02:24.330Z - success: protocol theme registered
2017-03-11T15:02:24.330Z - success: protocol profile registered
2017-03-11T15:02:24.330Z - success: protocol packages registered
2017-03-11T15:02:24.330Z - success: protocol unpack registerred
2017-03-11T15:02:24.330Z - success: protocol disable-commonjs registerred
2017-03-11T15:02:24.531Z - normal: connected!
2017-03-11T15:02:24.541Z - normal: Check project C:\Users\honlessy\Desktop\MoonShoot
2017-03-11T15:02:24.551Z - normal: Initializing Cocos2d
2017-03-11T15:02:24.721Z - normal: Initializing Asset Database
2017-03-11T15:02:24.741Z - success: protocol uuid registerred
2017-03-11T15:02:24.741Z - success: protocol db registerred
2017-03-11T15:02:24.741Z - success: protocol thumbnail registerred
2017-03-11T15:02:24.741Z - normal: Loading editor/builtin packages
2017-03-11T15:02:24.841Z - success: assets loaded
2017-03-11T15:02:24.841Z - success: builder loaded
2017-03-11T15:02:24.851Z - success: hierarchy loaded
2017-03-11T15:02:24.851Z - success: inspector loaded
2017-03-11T15:02:24.851Z - success: keystore loaded
2017-03-11T15:02:24.851Z - success: node-library loaded
2017-03-11T15:02:24.851Z - success: preferences loaded
2017-03-11T15:02:24.861Z - success: project-importer loaded
2017-03-11T15:02:24.861Z - success: project-settings loaded
2017-03-11T15:02:24.861Z - success: ui-kit loaded
2017-03-11T15:02:24.861Z - success: ui-grid loaded
2017-03-11T15:02:24.871Z - success: scene loaded
2017-03-11T15:02:24.871Z - success: sprite-editor loaded
2017-03-11T15:02:24.901Z - success: store loaded
2017-03-11T15:02:24.901Z - success: timeline loaded
2017-03-11T15:02:24.901Z - normal: Loading builtin packages
2017-03-11T15:02:24.911Z - success: anysdk loaded
2017-03-11T15:02:24.911Z - success: asset-db-debugger loaded
2017-03-11T15:02:24.911Z - success: code-editor loaded
2017-03-11T15:02:24.911Z - success: color-picker loaded
2017-03-11T15:02:24.911Z - success: console loaded
2017-03-11T15:02:24.911Z - success: package-manager loaded
2017-03-11T15:02:24.921Z - success: tester loaded
2017-03-11T15:02:24.921Z - success: ui-kit-preview-extra loaded
2017-03-11T15:02:24.921Z - success: ui-kit-preview loaded
2017-03-11T15:02:24.921Z - success: ui-tree loaded
2017-03-11T15:02:24.961Z - normal: Initializing project C:\Users\honlessy\Desktop\MoonShoot
2017-03-11T15:02:24.961Z - normal: Loading packages
2017-03-11T15:02:24.961Z - normal: Watching packages
2017-03-11T15:02:24.971Z - normal: Run Application
2017-03-11T15:02:25.311Z - success: preview server running at http://localhost:7456
2017-03-11T15:02:26.840Z - error: TypeError: Path must be a string. Received undefined
    at assertPath (path.js:7:11)
    at Object.extname (path.js:889:5)
    at new CodeEditor (D:\CocosCreator\resources\app.asar\builtin\code-editor\panel\editor.js:74:27)
    at HTMLDocument.document.addEventListener (file:///D:/CocosCreator/resources/app.asar/builtin/code-editor/panel/page.js:162:18)
2017-03-11T15:02:28.148Z - normal: 1.4.0
2017-03-11T15:02:46.252Z - normal: Start building with options : {
  "androidStudio": false,
  "apiLevel": "",
  "appABIs": [],
  "appKey": "",
  "appSecret": "",
  "buildPath": "C:\\Users\\honlessy\\Desktop\\MoonShoot\\build",
  "debug": false,
  "dest": "C:\\Users\\honlessy\\Desktop\\MoonShoot\\build\\jsb-default",
  "excludedModules": [],
  "includeAnySDK": false,
  "oauthLoginServer": "",
  "orientation": {
    "landscapeLeft": true,
    "landscapeRight": true,
    "portrait": false,
    "upsideDown": false
  },
  "packageName": "org.cocos2d.MoonShoot",
  "platform": "android",
  "previewHeight": 720,
  "previewWidth": 1280,
  "privateKey": "",
  "renderMode": "0",
  "scenes": [
    {
      "url": "db://assets/Scene/game_scene.fire",
      "uuid": "40070252-60e3-426f-aa7e-0f96783cb5a0"
    },
    {
      "url": "db://assets/Scene/home_scene.fire",
      "uuid": "2dc43aae-b478-455b-a650-520085955a7f"
    }
  ],
  "sourceMaps": false,
  "startScene": "40070252-60e3-426f-aa7e-0f96783cb5a0",
  "template": "default",
  "title": "MoonShoot",
  "useDebugKeystore": true,
  "vsVersion": "auto",
  "webOrientation": "auto",
  "project": "C:\\Users\\honlessy\\Desktop\\MoonShoot",
  "projectName": "MoonShoot",
  "runtimePath": "D:\\CocosCreator\\resources\\engine",
  "debugBuildWorker": false
}
2017-03-11T15:02:46.255Z - normal: Building C:\Users\honlessy\Desktop\MoonShoot
2017-03-11T15:02:46.255Z - normal: Destination C:\Users\honlessy\Desktop\MoonShoot\build\jsb-default
2017-03-11T15:02:46.501Z - error: Build Failed: Error: [NDK Root] is empty, please set [NDK Root] in Preferences.
    at o (D:\CocosCreator\resources\app.asar\editor\core\native-utils.js:1:1139)
    at initCocosEnv (D:\CocosCreator\resources\app.asar\editor\core\native-utils.js:1:1860)
    at initSettings (D:\CocosCreator\resources\app.asar\editor\core\native-utils.js:1:2654)
    at Object.build (D:\CocosCreator\resources\app.asar\editor\core\native-utils.js:1:15066)
    at Gulp.<anonymous> (D:\CocosCreator\resources\app.asar\editor\core\gulp-build.js:1:12770)
    at module.exports (D:\CocosCreator\resources\app.asar\node_modules\orchestrator\lib\runTask.js:34:7)
    at Gulp.Orchestrator._runTask (D:\CocosCreator\resources\app.asar\node_modules\orchestrator\index.js:273:3)
    at Gulp.Orchestrator._runStep (D:\CocosCreator\resources\app.asar\node_modules\orchestrator\index.js:214:10)
    at Gulp.Orchestrator.start (D:\CocosCreator\resources\app.asar\node_modules\orchestrator\index.js:134:8)
    at Object.exports.startWithArgs (D:\CocosCreator\resources\app.asar\editor\core\gulp-build.js:1:13116)
    at D:\CocosCreator\resources\app.asar\editor\core\builder.js:1:3440
    at D:\CocosCreator\resources\app.asar\editor\core\builder.js:1:1042
    at Gulp.doneCallback (D:\CocosCreator\resources\app.asar\editor\core\gulp-build.js:1:13138)
    at Gulp.Orchestrator.stop (D:\CocosCreator\resources\app.asar\node_modules\orchestrator\index.js:150:9)
    at D:\CocosCreator\resources\app.asar\node_modules\orchestrator\index.js:277:22
    at finish (D:\CocosCreator\resources\app.asar\node_modules\orchestrator\lib\runTask.js:21:8)
    at cb (D:\CocosCreator\resources\app.asar\node_modules\orchestrator\lib\runTask.js:29:3)
    at D:\CocosCreator\resources\app.asar\editor\core\native-utils.js:1:15136
    at initSettings (D:\CocosCreator\resources\app.asar\editor\core\native-utils.js:1:2687)
2017-03-11T15:02:53.225Z - normal: Start building with options : {
  "androidStudio": false,
  "apiLevel": "",
  "appABIs": [],
  "appKey": "",
  "appSecret": "",
  "buildPath": "C:\\Users\\honlessy\\Desktop\\MoonShoot\\build",
  "debug": false,
  "dest": "C:\\Users\\honlessy\\Desktop\\MoonShoot\\build\\web-mobile",
  "excludedModules": [],
  "includeAnySDK": false,
  "oauthLoginServer": "",
  "orientation": {
    "landscapeLeft": true,
    "landscapeRight": true,
    "portrait": false,
    "upsideDown": false
  },
  "packageName": "org.cocos2d.MoonShoot",
  "platform": "web-mobile",
  "previewHeight": 720,
  "previewWidth": 1280,
  "privateKey": "",
  "renderMode": "0",
  "scenes": [
    {
      "url": "db://assets/Scene/game_scene.fire",
      "uuid": "40070252-60e3-426f-aa7e-0f96783cb5a0"
    },
    {
      "url": "db://assets/Scene/home_scene.fire",
      "uuid": "2dc43aae-b478-455b-a650-520085955a7f"
    }
  ],
  "sourceMaps": false,
  "startScene": "40070252-60e3-426f-aa7e-0f96783cb5a0",
  "template": "default",
  "title": "MoonShoot",
  "useDebugKeystore": true,
  "vsVersion": "auto",
  "webOrientation": "auto",
  "project": "C:\\Users\\honlessy\\Desktop\\MoonShoot",
  "projectName": "MoonShoot",
  "runtimePath": "D:\\CocosCreator\\resources\\engine",
  "debugBuildWorker": false
}
2017-03-11T15:02:53.226Z - normal: Building C:\Users\honlessy\Desktop\MoonShoot
2017-03-11T15:02:53.226Z - normal: Destination C:\Users\honlessy\Desktop\MoonShoot\build\web-mobile
2017-03-11T15:02:53.230Z - normal: Delete C:\Users\honlessy\Desktop\MoonShoot\build\web-mobile\res/**/*
2017-03-11T15:02:53.232Z - normal: Delete C:\Users\honlessy\Desktop\MoonShoot\build\web-mobile\src/*/
2017-03-11T15:03:11.358Z - normal: Compiled project javascript file successfully
2017-03-11T15:03:11.359Z - normal: Start building assets
2017-03-11T15:03:11.360Z - normal: Start spawn build-worker
2017-03-11T15:03:12.104Z - normal: Finish spawn build-worker
2017-03-11T15:03:12.104Z - normal: Start init build-worker
2017-03-11T15:03:12.874Z - normal: 1.4.0
2017-03-11T15:03:12.912Z - normal: Finish init build-worker
2017-03-11T15:03:12.912Z - normal: Start build-assets in worker
2017-03-11T15:03:13.286Z - normal: Finish build-assets in worker
2017-03-11T15:03:13.294Z - normal: Finish building assets
2017-03-11T15:03:13.348Z - normal: Start building raw assets
2017-03-11T15:03:13.349Z - normal: [build-raw-assets] Start copying C:\Users\honlessy\Desktop\MoonShoot\assets\Resource\textures\start_game.png to C:\Users\honlessy\Desktop\MoonShoot\build\web-mobile\res\raw-assets\Resource\textures\start_game.png
2017-03-11T15:03:13.349Z - normal: [build-raw-assets] Start copying C:\Users\honlessy\Desktop\MoonShoot\assets\Resource\textures\splode_6.png to C:\Users\honlessy\Desktop\MoonShoot\build\web-mobile\res\raw-assets\Resource\textures\splode_6.png
2017-03-11T15:03:13.349Z - normal: [build-raw-assets] Start copying C:\Users\honlessy\Desktop\MoonShoot\assets\Resource\bmpfonts\win_score.png to C:\Users\honlessy\Desktop\MoonShoot\build\web-mobile\res\raw-assets\Resource\bmpfonts\win_score.png
2017-03-11T15:03:13.349Z - normal: [build-raw-assets] Start copying C:\Users\honlessy\Desktop\MoonShoot\assets\Resource\sounds\level_2_loop.mp3 to C:\Users\honlessy\Desktop\MoonShoot\build\web-mobile\res\raw-assets\Resource\sounds\level_2_loop.mp3
2017-03-11T15:03:13.349Z - normal: [build-raw-assets] Start copying C:\Users\honlessy\Desktop\MoonShoot\assets\Resource\textures\e4.png to C:\Users\honlessy\Desktop\MoonShoot\build\web-mobile\res\raw-assets\Resource\textures\e4.png
2017-03-11T15:03:13.349Z - normal: [build-raw-assets] Start copying C:\Users\honlessy\Desktop\MoonShoot\assets\Resource\textures\ship_death_5.png to C:\Users\honlessy\Desktop\MoonShoot\build\web-mobile\res\raw-assets\Resource\textures\ship_death_5.png
2017-03-11T15:03:13.349Z - normal: [build-raw-assets] Start copying C:\Users\honlessy\Desktop\MoonShoot\assets\Resource\textures\starfield.jpg to C:\Users\honlessy\Desktop\MoonShoot\build\web-mobile\res\raw-assets\Resource\textures\starfield.jpg
2017-03-11T15:03:13.349Z - normal: [build-raw-assets] Start copying C:\Users\honlessy\Desktop\MoonShoot\assets\Resource\textures\splode_1.png to C:\Users\honlessy\Desktop\MoonShoot\build\web-mobile\res\raw-assets\Resource\textures\splode_1.png
2017-03-11T15:03:13.349Z - normal: [build-raw-assets] Start copying C:\Users\honlessy\Desktop\MoonShoot\assets\Resource\textures\e5.png to C:\Users\honlessy\Desktop\MoonShoot\build\web-mobile\res\raw-assets\Resource\textures\e5.png
2017-03-11T15:03:13.350Z - normal: [build-raw-assets] Start copying C:\Users\honlessy\Desktop\MoonShoot\assets\Resource\textures\ship_death_3.png to C:\Users\honlessy\Desktop\MoonShoot\build\web-mobile\res\raw-assets\Resource\textures\ship_death_3.png
2017-03-11T15:03:13.350Z - normal: [build-raw-assets] Start copying C:\Users\honlessy\Desktop\MoonShoot\assets\Resource\textures\e8.png to C:\Users\honlessy\Desktop\MoonShoot\build\web-mobile\res\raw-assets\Resource\textures\e8.png
2017-03-11T15:03:13.350Z - normal: [build-raw-assets] Start copying C:\Users\honlessy\Desktop\MoonShoot\assets\Resource\textures\splash_screen.jpg to C:\Users\honlessy\Desktop\MoonShoot\build\web-mobile\res\raw-assets\Resource\textures\splash_screen.jpg
2017-03-11T15:03:13.350Z - normal: [build-raw-assets] Start copying C:\Users\honlessy\Desktop\MoonShoot\assets\Resource\textures\ship_center.png to C:\Users\honlessy\Desktop\MoonShoot\build\web-mobile\res\raw-assets\Resource\textures\ship_center.png
2017-03-11T15:03:13.350Z - normal: [build-raw-assets] Start copying C:\Users\honlessy\Desktop\MoonShoot\assets\Resource\textures\e9.png to C:\Users\honlessy\Desktop\MoonShoot\build\web-mobile\res\raw-assets\Resource\textures\e9.png
2017-03-11T15:03:13.350Z - normal: [build-raw-assets] Start copying C:\Users\honlessy\Desktop\MoonShoot\assets\Resource\textures\ship_death_7.png to C:\Users\honlessy\Desktop\MoonShoot\build\web-mobile\res\raw-assets\Resource\textures\ship_death_7.png
2017-03-11T15:03:13.350Z - normal: [build-raw-assets] Start copying C:\Users\honlessy\Desktop\MoonShoot\assets\Resource\textures\e6.png to C:\Users\honlessy\Desktop\MoonShoot\build\web-mobile\res\raw-assets\Resource\textures\e6.png
2017-03-11T15:03:13.350Z - normal: [build-raw-assets] Start copying C:\Users\honlessy\Desktop\MoonShoot\assets\Resource\textures\e2.png to C:\Users\honlessy\Desktop\MoonShoot\build\web-mobile\res\raw-assets\Resource\textures\e2.png
2017-03-11T15:03:13.350Z - normal: [build-raw-assets] Start copying C:\Users\honlessy\Desktop\MoonShoot\assets\Resource\textures\e3.png to C:\Users\honlessy\Desktop\MoonShoot\build\web-mobile\res\raw-assets\Resource\textures\e3.png
2017-03-11T15:03:13.350Z - normal: [build-raw-assets] Start copying C:\Users\honlessy\Desktop\MoonShoot\assets\Resource\textures\ship_death_6.png to C:\Users\honlessy\Desktop\MoonShoot\build\web-mobile\res\raw-assets\Resource\textures\ship_death_6.png
2017-03-11T15:03:13.350Z - normal: [build-raw-assets] Start copying C:\Users\honlessy\Desktop\MoonShoot\assets\Resource\textures\e7.png to C:\Users\honlessy\Desktop\MoonShoot\build\web-mobile\res\raw-assets\Resource\textures\e7.png
2017-03-11T15:03:13.350Z - normal: [build-raw-assets] Start copying C:\Users\honlessy\Desktop\MoonShoot\assets\Resource\textures\ship_death_1.png to C:\Users\honlessy\Desktop\MoonShoot\build\web-mobile\res\raw-assets\Resource\textures\ship_death_1.png
2017-03-11T15:03:13.350Z - normal: [build-raw-assets] Start copying C:\Users\honlessy\Desktop\MoonShoot\assets\Resource\textures\splode_3.png to C:\Users\honlessy\Desktop\MoonShoot\build\web-mobile\res\raw-assets\Resource\textures\splode_3.png
2017-03-11T15:03:13.350Z - normal: [build-raw-assets] Start copying C:\Users\honlessy\Desktop\MoonShoot\assets\Resource\textures\splode_2.png to C:\Users\honlessy\Desktop\MoonShoot\build\web-mobile\res\raw-assets\Resource\textures\splode_2.png
2017-03-11T15:03:13.351Z - normal: [build-raw-assets] Start copying C:\Users\honlessy\Desktop\MoonShoot\assets\Resource\textures\e1.png to C:\Users\honlessy\Desktop\MoonShoot\build\web-mobile\res\raw-assets\Resource\textures\e1.png
2017-03-11T15:03:13.351Z - normal: [build-raw-assets] Start copying C:\Users\honlessy\Desktop\MoonShoot\assets\Resource\textures\splode_5.png to C:\Users\honlessy\Desktop\MoonShoot\build\web-mobile\res\raw-assets\Resource\textures\splode_5.png
2017-03-11T15:03:13.351Z - normal: [build-raw-assets] Start copying C:\Users\honlessy\Desktop\MoonShoot\assets\Resource\sounds\level_1_preloop.mp3 to C:\Users\honlessy\Desktop\MoonShoot\build\web-mobile\res\raw-assets\Resource\sounds\level_1_preloop.mp3
2017-03-11T15:03:13.351Z - normal: [build-raw-assets] Start copying C:\Users\honlessy\Desktop\MoonShoot\assets\Resource\textures\splode_4.png to C:\Users\honlessy\Desktop\MoonShoot\build\web-mobile\res\raw-assets\Resource\textures\splode_4.png
2017-03-11T15:03:13.351Z - normal: [build-raw-assets] Start copying C:\Users\honlessy\Desktop\MoonShoot\assets\Resource\textures\splode_7.png to C:\Users\honlessy\Desktop\MoonShoot\build\web-mobile\res\raw-assets\Resource\textures\splode_7.png
2017-03-11T15:03:13.351Z - normal: [build-raw-assets] Start copying C:\Users\honlessy\Desktop\MoonShoot\assets\Resource\textures\ship_death_2.png to C:\Users\honlessy\Desktop\MoonShoot\build\web-mobile\res\raw-assets\Resource\textures\ship_death_2.png
2017-03-11T15:03:13.351Z - normal: [build-raw-assets] Start copying C:\Users\honlessy\Desktop\MoonShoot\assets\Resource\textures\ship_death_4.png to C:\Users\honlessy\Desktop\MoonShoot\build\web-mobile\res\raw-assets\Resource\textures\ship_death_4.png
2017-03-11T15:03:13.351Z - normal: [build-raw-assets] Start copying D:\CocosCreator\resources\static\default-assets\image\default_sprite_splash.png to C:\Users\honlessy\Desktop\MoonShoot\build\web-mobile\res\raw-internal\image\default_sprite_splash.png
2017-03-11T15:03:13.368Z - normal: [build-raw-assets] Finish copying D:\CocosCreator\resources\static\default-assets\image\default_sprite_splash.png to C:\Users\honlessy\Desktop\MoonShoot\build\web-mobile\res\raw-internal\image\default_sprite_splash.png
2017-03-11T15:03:13.372Z - normal: [build-raw-assets] Finish copying C:\Users\honlessy\Desktop\MoonShoot\assets\Resource\textures\splode_6.png to C:\Users\honlessy\Desktop\MoonShoot\build\web-mobile\res\raw-assets\Resource\textures\splode_6.png
2017-03-11T15:03:13.377Z - normal: [build-raw-assets] Finish copying C:\Users\honlessy\Desktop\MoonShoot\assets\Resource\bmpfonts\win_score.png to C:\Users\honlessy\Desktop\MoonShoot\build\web-mobile\res\raw-assets\Resource\bmpfonts\win_score.png
2017-03-11T15:03:13.378Z - normal: [build-raw-assets] Finish copying C:\Users\honlessy\Desktop\MoonShoot\assets\Resource\textures\start_game.png to C:\Users\honlessy\Desktop\MoonShoot\build\web-mobile\res\raw-assets\Resource\textures\start_game.png
2017-03-11T15:03:13.379Z - normal: [build-raw-assets] Finish copying C:\Users\honlessy\Desktop\MoonShoot\assets\Resource\textures\ship_death_5.png to C:\Users\honlessy\Desktop\MoonShoot\build\web-mobile\res\raw-assets\Resource\textures\ship_death_5.png
2017-03-11T15:03:13.379Z - normal: [build-raw-assets] Finish copying C:\Users\honlessy\Desktop\MoonShoot\assets\Resource\textures\ship_death_3.png to C:\Users\honlessy\Desktop\MoonShoot\build\web-mobile\res\raw-assets\Resource\textures\ship_death_3.png
2017-03-11T15:03:13.379Z - normal: [build-raw-assets] Finish copying C:\Users\honlessy\Desktop\MoonShoot\assets\Resource\textures\e4.png to C:\Users\honlessy\Desktop\MoonShoot\build\web-mobile\res\raw-assets\Resource\textures\e4.png
2017-03-11T15:03:13.379Z - normal: [build-raw-assets] Finish copying C:\Users\honlessy\Desktop\MoonShoot\assets\Resource\textures\splode_1.png to C:\Users\honlessy\Desktop\MoonShoot\build\web-mobile\res\raw-assets\Resource\textures\splode_1.png
2017-03-11T15:03:13.379Z - normal: [build-raw-assets] Finish copying C:\Users\honlessy\Desktop\MoonShoot\assets\Resource\textures\e5.png to C:\Users\honlessy\Desktop\MoonShoot\build\web-mobile\res\raw-assets\Resource\textures\e5.png
2017-03-11T15:03:13.379Z - normal: [build-raw-assets] Finish copying C:\Users\honlessy\Desktop\MoonShoot\assets\Resource\textures\e8.png to C:\Users\honlessy\Desktop\MoonShoot\build\web-mobile\res\raw-assets\Resource\textures\e8.png
2017-03-11T15:03:13.379Z - normal: [build-raw-assets] Finish copying C:\Users\honlessy\Desktop\MoonShoot\assets\Resource\textures\ship_death_7.png to C:\Users\honlessy\Desktop\MoonShoot\build\web-mobile\res\raw-assets\Resource\textures\ship_death_7.png
2017-03-11T15:03:13.379Z - normal: [build-raw-assets] Finish copying C:\Users\honlessy\Desktop\MoonShoot\assets\Resource\textures\e9.png to C:\Users\honlessy\Desktop\MoonShoot\build\web-mobile\res\raw-assets\Resource\textures\e9.png
2017-03-11T15:03:13.379Z - normal: [build-raw-assets] Finish copying C:\Users\honlessy\Desktop\MoonShoot\assets\Resource\textures\e6.png to C:\Users\honlessy\Desktop\MoonShoot\build\web-mobile\res\raw-assets\Resource\textures\e6.png
2017-03-11T15:03:13.379Z - normal: [build-raw-assets] Finish copying C:\Users\honlessy\Desktop\MoonShoot\assets\Resource\textures\ship_center.png to C:\Users\honlessy\Desktop\MoonShoot\build\web-mobile\res\raw-assets\Resource\textures\ship_center.png
2017-03-11T15:03:13.379Z - normal: [build-raw-assets] Finish copying C:\Users\honlessy\Desktop\MoonShoot\assets\Resource\textures\ship_death_6.png to C:\Users\honlessy\Desktop\MoonShoot\build\web-mobile\res\raw-assets\Resource\textures\ship_death_6.png
2017-03-11T15:03:13.379Z - normal: [build-raw-assets] Finish copying C:\Users\honlessy\Desktop\MoonShoot\assets\Resource\textures\e3.png to C:\Users\honlessy\Desktop\MoonShoot\build\web-mobile\res\raw-assets\Resource\textures\e3.png
2017-03-11T15:03:13.379Z - normal: [build-raw-assets] Finish copying C:\Users\honlessy\Desktop\MoonShoot\assets\Resource\textures\e2.png to C:\Users\honlessy\Desktop\MoonShoot\build\web-mobile\res\raw-assets\Resource\textures\e2.png
2017-03-11T15:03:13.379Z - normal: [build-raw-assets] Finish copying C:\Users\honlessy\Desktop\MoonShoot\assets\Resource\textures\splode_3.png to C:\Users\honlessy\Desktop\MoonShoot\build\web-mobile\res\raw-assets\Resource\textures\splode_3.png
2017-03-11T15:03:13.380Z - normal: [build-raw-assets] Finish copying C:\Users\honlessy\Desktop\MoonShoot\assets\Resource\textures\e7.png to C:\Users\honlessy\Desktop\MoonShoot\build\web-mobile\res\raw-assets\Resource\textures\e7.png
2017-03-11T15:03:13.380Z - normal: [build-raw-assets] Finish copying C:\Users\honlessy\Desktop\MoonShoot\assets\Resource\textures\e1.png to C:\Users\honlessy\Desktop\MoonShoot\build\web-mobile\res\raw-assets\Resource\textures\e1.png
2017-03-11T15:03:13.380Z - normal: [build-raw-assets] Finish copying C:\Users\honlessy\Desktop\MoonShoot\assets\Resource\textures\splode_2.png to C:\Users\honlessy\Desktop\MoonShoot\build\web-mobile\res\raw-assets\Resource\textures\splode_2.png
2017-03-11T15:03:13.380Z - normal: [build-raw-assets] Finish copying C:\Users\honlessy\Desktop\MoonShoot\assets\Resource\textures\ship_death_1.png to C:\Users\honlessy\Desktop\MoonShoot\build\web-mobile\res\raw-assets\Resource\textures\ship_death_1.png
2017-03-11T15:03:13.380Z - normal: [build-raw-assets] Finish copying C:\Users\honlessy\Desktop\MoonShoot\assets\Resource\textures\splode_5.png to C:\Users\honlessy\Desktop\MoonShoot\build\web-mobile\res\raw-assets\Resource\textures\splode_5.png
2017-03-11T15:03:13.380Z - normal: [build-raw-assets] Finish copying C:\Users\honlessy\Desktop\MoonShoot\assets\Resource\textures\splode_4.png to C:\Users\honlessy\Desktop\MoonShoot\build\web-mobile\res\raw-assets\Resource\textures\splode_4.png
2017-03-11T15:03:13.380Z - normal: [build-raw-assets] Finish copying C:\Users\honlessy\Desktop\MoonShoot\assets\Resource\textures\splode_7.png to C:\Users\honlessy\Desktop\MoonShoot\build\web-mobile\res\raw-assets\Resource\textures\splode_7.png
2017-03-11T15:03:13.380Z - normal: [build-raw-assets] Finish copying C:\Users\honlessy\Desktop\MoonShoot\assets\Resource\textures\ship_death_4.png to C:\Users\honlessy\Desktop\MoonShoot\build\web-mobile\res\raw-assets\Resource\textures\ship_death_4.png
2017-03-11T15:03:13.381Z - normal: [build-raw-assets] Finish copying C:\Users\honlessy\Desktop\MoonShoot\assets\Resource\textures\ship_death_2.png to C:\Users\honlessy\Desktop\MoonShoot\build\web-mobile\res\raw-assets\Resource\textures\ship_death_2.png
2017-03-11T15:03:13.381Z - normal: [build-raw-assets] Finish copying C:\Users\honlessy\Desktop\MoonShoot\assets\Resource\textures\starfield.jpg to C:\Users\honlessy\Desktop\MoonShoot\build\web-mobile\res\raw-assets\Resource\textures\starfield.jpg
2017-03-11T15:03:13.381Z - normal: [build-raw-assets] Finish copying C:\Users\honlessy\Desktop\MoonShoot\assets\Resource\textures\splash_screen.jpg to C:\Users\honlessy\Desktop\MoonShoot\build\web-mobile\res\raw-assets\Resource\textures\splash_screen.jpg
2017-03-11T15:03:13.381Z - normal: [build-raw-assets] Finish copying C:\Users\honlessy\Desktop\MoonShoot\assets\Resource\sounds\level_1_preloop.mp3 to C:\Users\honlessy\Desktop\MoonShoot\build\web-mobile\res\raw-assets\Resource\sounds\level_1_preloop.mp3
2017-03-11T15:03:13.383Z - normal: [build-raw-assets] Finish copying C:\Users\honlessy\Desktop\MoonShoot\assets\Resource\sounds\level_2_loop.mp3 to C:\Users\honlessy\Desktop\MoonShoot\build\web-mobile\res\raw-assets\Resource\sounds\level_2_loop.mp3
2017-03-11T15:03:13.383Z - normal: Finish building raw assets
2017-03-11T15:03:13.404Z - normal: Generating main.js from D:\CocosCreator\resources\static\build-templates\shares\main.js
2017-03-11T15:03:13.408Z - normal: Generating html from D:\CocosCreator\resources\static\build-templates\web-mobile\template\index.html
2017-03-11T15:03:13.413Z - normal: Built to "C:\Users\honlessy\Desktop\MoonShoot\build\web-mobile" successfully
2017-03-11T15:04:00.141Z - error: TypeError: Cannot read property 'aceEditor' of null
    at _confirmClose (file:///D:/CocosCreator/resources/app.asar/builtin/code-editor/panel/page.js:19:28)
    at window.addEventListener.event (file:///D:/CocosCreator/resources/app.asar/builtin/code-editor/panel/page.js:172:15)
2017-03-11T15:06:21.859Z - info: shutdown preview server
